<?xml version="1.0" encoding="UTF-8"?>
<robot generator="Robot 5.0.1 (Python 3.10.6 on win32)" generated="20220824 18:58:55.258" rpa="false" schemaversion="3">
<suite id="s1" name="Bdd" source="C:\Users\NoT\Desktop\Cursos\tutorial-robot\bdd.robot">
<test id="s1-t1" name="Cenário 1: Executar vídeo no Youtube" line="35">
<kw name="Dado que acesso o site do Youtube">
<kw name="Open Browser" library="SeleniumLibrary">
<arg>${URL}</arg>
<arg>${Browser}</arg>
<doc>Opens a new browser instance to the optional ``url``.</doc>
<msg timestamp="20220824 18:58:55.807" level="INFO">Opening browser 'chrome' to base url 'https://www.youtube.com/'.</msg>
<status status="PASS" starttime="20220824 18:58:55.807" endtime="20220824 18:59:08.621"/>
</kw>
<status status="PASS" starttime="20220824 18:58:55.806" endtime="20220824 18:59:08.621"/>
</kw>
<kw name="Quando pesquiso o nome da música">
<kw name="Wait Until Element Is Visible" library="SeleniumLibrary">
<arg>${input_search}</arg>
<arg>10</arg>
<doc>Waits until the element ``locator`` is visible.</doc>
<status status="PASS" starttime="20220824 18:59:08.623" endtime="20220824 18:59:08.885"/>
</kw>
<kw name="Input Text" library="SeleniumLibrary">
<arg>${input_search}</arg>
<arg>${títuloDoVídeo}</arg>
<doc>Types the given ``text`` into the text field identified by ``locator``.</doc>
<msg timestamp="20220824 18:59:08.886" level="INFO">Typing text 'Michael Jackson Hollywood Tonight' into text field '//input[@id="search"]'.</msg>
<status status="PASS" starttime="20220824 18:59:08.885" endtime="20220824 18:59:09.215"/>
</kw>
<kw name="Click Button" library="SeleniumLibrary">
<arg>${button_search}</arg>
<doc>Clicks the button identified by ``locator``.</doc>
<msg timestamp="20220824 18:59:09.216" level="INFO">Clicking button '//button[@id="search-icon-legacy"]'.</msg>
<status status="PASS" starttime="20220824 18:59:09.216" endtime="20220824 18:59:09.607"/>
</kw>
<status status="PASS" starttime="20220824 18:59:08.622" endtime="20220824 18:59:09.608"/>
</kw>
<kw name="E clico na primeira opção">
<kw name="Wait Until Element Is Visible" library="SeleniumLibrary">
<arg>${primeira_opcao}</arg>
<arg>10</arg>
<doc>Waits until the element ``locator`` is visible.</doc>
<status status="PASS" starttime="20220824 18:59:09.610" endtime="20220824 18:59:10.948"/>
</kw>
<kw name="Click Element" library="SeleniumLibrary">
<arg>${primeira_opcao}</arg>
<doc>Click the element identified by ``locator``.</doc>
<msg timestamp="20220824 18:59:10.949" level="INFO">Clicking element '(//yt-formatted-string[@class="style-scope ytd-video-renderer"])[1]'.</msg>
<status status="PASS" starttime="20220824 18:59:10.948" endtime="20220824 18:59:11.586"/>
</kw>
<status status="PASS" starttime="20220824 18:59:09.609" endtime="20220824 18:59:11.586"/>
</kw>
<kw name="Então o vídeo é executado">
<kw name="Page Should Contain" library="SeleniumLibrary">
<arg>Compartilhar</arg>
<doc>Verifies that current page contains ``text``.</doc>
<msg timestamp="20220824 18:59:11.778" level="INFO">Current page contains text 'Compartilhar'.</msg>
<status status="PASS" starttime="20220824 18:59:11.594" endtime="20220824 18:59:11.778"/>
</kw>
<status status="PASS" starttime="20220824 18:59:11.593" endtime="20220824 18:59:11.779"/>
</kw>
<status status="PASS" starttime="20220824 18:58:55.804" endtime="20220824 18:59:11.780"/>
</test>
<status status="PASS" starttime="20220824 18:58:55.261" endtime="20220824 18:59:11.783"/>
</suite>
<statistics>
<total>
<stat pass="1" fail="0" skip="0">All Tests</stat>
</total>
<tag>
</tag>
<suite>
<stat pass="1" fail="0" skip="0" id="s1" name="Bdd">Bdd</stat>
</suite>
</statistics>
<errors>
</errors>
</robot>
